<?xml version="1.0" encoding="utf-8"?>
<assemblies timestamp="02/07/2018 20:23:35">
  <assembly name="Microsoft.Build.Engine.UnitTests.dll" environment="64-bit .NET Standard [collection-per-assembly, non-parallel]" test-framework="xUnit.net 2.3.1.3858" run-date="2018-02-07" run-time="20:22:19" total="2410" passed="2386" failed="1" skipped="23" time="75.910" errors="0">
    <errors />
    <collection total="1" passed="0" failed="1" skipped="0" name="Test collection for Microsoft.Build.Engine.UnitTests.dll" time="74.874">
      <test name="Microsoft.Build.UnitTests.Construction.SolutionFile_Tests.ParseFirstProjectLineWhereProjectPathHasBackslash" type="Microsoft.Build.UnitTests.Construction.SolutionFile_Tests" method="ParseFirstProjectLineWhereProjectPathHasBackslash" time="0.0019868" result="Fail">
        <failure exception-type="Xunit.Sdk.EqualException">
          <message><![CDATA[Assert.Equal() Failure\n                  ↓ (pos 8)\nExpected: Relative/path/to/project file\nActual:   Relative\\path\\to\\project file\n                  ↑ (pos 8)]]></message>
          <stack-trace><![CDATA[   at Microsoft.Build.UnitTests.Construction.SolutionFile_Tests.ParseFirstProjectLineWhereProjectPathHasBackslash() in /_/src/Build.UnitTests/Construction/SolutionFile_Tests.cs:line 719]]></stack-trace>
        </failure>
      </test>
    </collection>
  </assembly>
</assemblies>
